<?xml version="1.0" encoding="UTF-8"?>
<!-- Generated by org.testng.reporters.JUnitReportReporter -->
<testsuite hostname="BHARATH" failures="0" tests="1" name="test.skillUpdateTest" time="8.229" errors="0" timestamp="2025-04-04T14:28:53 IST" skipped="0">
  <testcase classname="test.skillUpdateTest" name="skillUpdationTest" time="8.229"/>
  <system-out>
    <![CDATA[Profile update module is initiated
Resume got deleted
Updated latest Resume]]>
  </system-out>
</testsuite> <!-- test.skillUpdateTest -->
