<?xml version="1.0" encoding="UTF-8"?>
<!-- Generated by org.testng.reporters.JUnitReportReporter -->
<testsuite hostname="BHARATH" failures="0" tests="3" name="test.LoginTest" time="4.722" errors="0" timestamp="2025-04-04T14:28:53 IST" skipped="2">
  <testcase classname="test.LoginTest" name="validLogin" time="4.722"/>
  <testcase classname="test.LoginTest" name="userNameInvalidPassword">
    <skipped/>
  </testcase> <!-- userNameInvalidPassword -->
  <testcase classname="test.LoginTest" name="invalidUsernameVPassword">
    <skipped/>
  </testcase> <!-- invalidUsernameVPassword -->
  <system-out>
    <![CDATA[Profile update module is initiated
Resume got deleted
Updated latest Resume]]>
  </system-out>
</testsuite> <!-- test.LoginTest -->
