<?xml version="1.0" encoding="UTF-8"?>
<!-- Generated by org.testng.reporters.JUnitReportReporter -->
<testsuite hostname="BHARATH" failures="0" tests="1" name="pages.BaseClass" time="4.090" errors="0" timestamp="2025-02-28T00:04:21 IST" skipped="0">
  <testcase classname="pages.BaseClass" name="setup" time="4.090"/>
</testsuite> <!-- pages.BaseClass -->
